[debug] [2025-08-13T02:09:23.197Z] ----------------------------------------------------------------------
[debug] [2025-08-13T02:09:23.199Z] Command:       /opt/homebrew/Cellar/node/24.1.0/bin/node /opt/homebrew/bin/firebase deploy
[debug] [2025-08-13T02:09:23.199Z] CLI Version:   14.12.0
[debug] [2025-08-13T02:09:23.199Z] Platform:      darwin
[debug] [2025-08-13T02:09:23.199Z] Node Version:  v24.1.0
[debug] [2025-08-13T02:09:23.199Z] Time:          Tue Aug 12 2025 21:09:23 GMT-0500 (Colombia Standard Time)
[debug] [2025-08-13T02:09:23.199Z] ----------------------------------------------------------------------
[debug] 
[debug] [2025-08-13T02:09:23.300Z] > command requires scopes: ["email","openid","https://www.googleapis.com/auth/cloudplatformprojects.readonly","https://www.googleapis.com/auth/firebase","https://www.googleapis.com/auth/cloud-platform"]
[debug] [2025-08-13T02:09:23.300Z] > authorizing via signed-in user (sebascarreramoya@gmail.com)
[debug] [2025-08-13T02:09:23.300Z] [iam] checking project collage-5507d for permissions ["firebase.projects.get","firebasehosting.sites.update"]
[debug] [2025-08-13T02:09:23.301Z] Checked if tokens are valid: true, expires at: 1755054561516
[debug] [2025-08-13T02:09:23.301Z] Checked if tokens are valid: true, expires at: 1755054561516
[debug] [2025-08-13T02:09:23.301Z] >>> [apiv2][query] POST https://cloudresourcemanager.googleapis.com/v1/projects/collage-5507d:testIamPermissions [none]
[debug] [2025-08-13T02:09:23.301Z] >>> [apiv2][(partial)header] POST https://cloudresourcemanager.googleapis.com/v1/projects/collage-5507d:testIamPermissions x-goog-quota-user=projects/collage-5507d
[debug] [2025-08-13T02:09:23.301Z] >>> [apiv2][body] POST https://cloudresourcemanager.googleapis.com/v1/projects/collage-5507d:testIamPermissions {"permissions":["firebase.projects.get","firebasehosting.sites.update"]}
[debug] [2025-08-13T02:09:23.988Z] <<< [apiv2][status] POST https://cloudresourcemanager.googleapis.com/v1/projects/collage-5507d:testIamPermissions 200
[debug] [2025-08-13T02:09:23.988Z] <<< [apiv2][body] POST https://cloudresourcemanager.googleapis.com/v1/projects/collage-5507d:testIamPermissions {}
[debug] [2025-08-13T02:09:23.988Z] [iam] error while checking permissions, command may fail: Authorization failed. This account is missing the following required permissions on project collage-5507d:

  firebase.projects.get
  firebasehosting.sites.update
[debug] [2025-08-13T02:09:23.988Z] Checked if tokens are valid: true, expires at: 1755054561516
[debug] [2025-08-13T02:09:23.988Z] Checked if tokens are valid: true, expires at: 1755054561516
[debug] [2025-08-13T02:09:23.988Z] >>> [apiv2][query] GET https://firebase.googleapis.com/v1beta1/projects/collage-5507d [none]
[debug] [2025-08-13T02:09:24.444Z] <<< [apiv2][status] GET https://firebase.googleapis.com/v1beta1/projects/collage-5507d 403
[debug] [2025-08-13T02:09:24.444Z] <<< [apiv2][body] GET https://firebase.googleapis.com/v1beta1/projects/collage-5507d {"error":{"code":403,"message":"The caller does not have permission","status":"PERMISSION_DENIED"}}
[debug] [2025-08-13T02:09:24.446Z] Request to https://firebase.googleapis.com/v1beta1/projects/collage-5507d had HTTP Error: 403, The caller does not have permission
[debug] [2025-08-13T02:09:24.447Z] FirebaseError: Request to https://firebase.googleapis.com/v1beta1/projects/collage-5507d had HTTP Error: 403, The caller does not have permission
    at responseToError (/opt/homebrew/lib/node_modules/firebase-tools/lib/responseToError.js:52:12)
    at RetryOperation._fn (/opt/homebrew/lib/node_modules/firebase-tools/lib/apiv2.js:312:77)
    at process.processTicksAndRejections (node:internal/process/task_queues:105:5)
[error] 
[error] Error: Failed to get Firebase project collage-5507d. Please make sure the project exists and your account has permission to access it.
[debug] [2025-08-13T02:09:44.139Z] ----------------------------------------------------------------------
[debug] [2025-08-13T02:09:44.141Z] Command:       /opt/homebrew/Cellar/node/24.1.0/bin/node /opt/homebrew/bin/firebase deploy
[debug] [2025-08-13T02:09:44.141Z] CLI Version:   14.12.0
[debug] [2025-08-13T02:09:44.141Z] Platform:      darwin
[debug] [2025-08-13T02:09:44.141Z] Node Version:  v24.1.0
[debug] [2025-08-13T02:09:44.141Z] Time:          Tue Aug 12 2025 21:09:44 GMT-0500 (Colombia Standard Time)
[debug] [2025-08-13T02:09:44.141Z] ----------------------------------------------------------------------
[debug] 
[debug] [2025-08-13T02:09:44.238Z] > command requires scopes: ["email","openid","https://www.googleapis.com/auth/cloudplatformprojects.readonly","https://www.googleapis.com/auth/firebase","https://www.googleapis.com/auth/cloud-platform"]
[debug] [2025-08-13T02:09:44.239Z] > authorizing via signed-in user (sebascarreramoya@gmail.com)
[debug] [2025-08-13T02:09:44.239Z] [iam] checking project collage-5507d for permissions ["firebase.projects.get","firebasehosting.sites.update"]
[debug] [2025-08-13T02:09:44.239Z] Checked if tokens are valid: true, expires at: 1755054561516
[debug] [2025-08-13T02:09:44.239Z] Checked if tokens are valid: true, expires at: 1755054561516
[debug] [2025-08-13T02:09:44.240Z] >>> [apiv2][query] POST https://cloudresourcemanager.googleapis.com/v1/projects/collage-5507d:testIamPermissions [none]
[debug] [2025-08-13T02:09:44.240Z] >>> [apiv2][(partial)header] POST https://cloudresourcemanager.googleapis.com/v1/projects/collage-5507d:testIamPermissions x-goog-quota-user=projects/collage-5507d
[debug] [2025-08-13T02:09:44.240Z] >>> [apiv2][body] POST https://cloudresourcemanager.googleapis.com/v1/projects/collage-5507d:testIamPermissions {"permissions":["firebase.projects.get","firebasehosting.sites.update"]}
[debug] [2025-08-13T02:09:44.889Z] <<< [apiv2][status] POST https://cloudresourcemanager.googleapis.com/v1/projects/collage-5507d:testIamPermissions 200
[debug] [2025-08-13T02:09:44.890Z] <<< [apiv2][body] POST https://cloudresourcemanager.googleapis.com/v1/projects/collage-5507d:testIamPermissions {}
[debug] [2025-08-13T02:09:44.890Z] [iam] error while checking permissions, command may fail: Authorization failed. This account is missing the following required permissions on project collage-5507d:

  firebase.projects.get
  firebasehosting.sites.update
[debug] [2025-08-13T02:09:44.891Z] Checked if tokens are valid: true, expires at: 1755054561516
[debug] [2025-08-13T02:09:44.891Z] Checked if tokens are valid: true, expires at: 1755054561516
[debug] [2025-08-13T02:09:44.891Z] >>> [apiv2][query] GET https://firebase.googleapis.com/v1beta1/projects/collage-5507d [none]
[debug] [2025-08-13T02:09:45.289Z] <<< [apiv2][status] GET https://firebase.googleapis.com/v1beta1/projects/collage-5507d 403
[debug] [2025-08-13T02:09:45.289Z] <<< [apiv2][body] GET https://firebase.googleapis.com/v1beta1/projects/collage-5507d {"error":{"code":403,"message":"The caller does not have permission","status":"PERMISSION_DENIED"}}
[debug] [2025-08-13T02:09:45.290Z] Request to https://firebase.googleapis.com/v1beta1/projects/collage-5507d had HTTP Error: 403, The caller does not have permission
[debug] [2025-08-13T02:09:45.291Z] FirebaseError: Request to https://firebase.googleapis.com/v1beta1/projects/collage-5507d had HTTP Error: 403, The caller does not have permission
    at responseToError (/opt/homebrew/lib/node_modules/firebase-tools/lib/responseToError.js:52:12)
    at RetryOperation._fn (/opt/homebrew/lib/node_modules/firebase-tools/lib/apiv2.js:312:77)
    at process.processTicksAndRejections (node:internal/process/task_queues:105:5)
[error] 
[error] Error: Failed to get Firebase project collage-5507d. Please make sure the project exists and your account has permission to access it.
